#
# There is insufficient memory for the Java Runtime Environment to continue.
# Native memory allocation (malloc) failed to allocate 2567376 bytes for Chunk::new
# Possible reasons:
#   The system is out of physical RAM or swap space
#   The process is running with CompressedOops enabled, and the Java Heap may be blocking the growth of the native heap
# Possible solutions:
#   Reduce memory load on the system
#   Increase physical memory or swap space
#   Check if swap backing store is full
#   Decrease Java heap size (-Xmx/-Xms)
#   Decrease number of Java threads
#   Decrease Java thread stack sizes (-Xss)
#   Set larger code cache with -XX:ReservedCodeCacheSize=
#   JVM is running with Zero Based Compressed Oops mode in which the Java heap is
#     placed in the first 32GB address space. The Java Heap base address is the
#     maximum limit for the native heap growth. Please use -XX:HeapBaseMinAddress
#     to set the Java Heap base and to place the Java Heap above 32GB virtual address.
# This output file may be truncated or incomplete.
#
#  Out of Memory Error (./src/hotspot/share/memory/arena.cpp:197), pid=21832, tid=4008
#
# JRE version: OpenJDK Runtime Environment (11.0.8) (build 11.0.8-internal+0-adhoc..jdk11u)
# Java VM: OpenJDK 64-Bit Server VM (11.0.8-internal+0-adhoc..jdk11u, mixed mode, tiered, compressed oops, g1 gc, windows-amd64)
# No core dump will be written. Minidumps are not enabled by default on client versions of Windows
#

---------------  S U M M A R Y ------------

Command Line: -Dfile.encoding=UTF-8 ensa.web.project.LocationMaisonApplication

Host: Intel(R) Core(TM) i7-8750H CPU @ 2.20GHz, 12 cores, 15G,  Windows 10 , 64 bit Build 22000 (10.0.22000.318)
Time: Sat Dec 25 20:22:11 2021 São Tomé (heure standard) elapsed time: 1 seconds (0d 0h 0m 1s)

---------------  T H R E A D  ---------------

Current thread (0x000001ed3d637800):  JavaThread "C2 CompilerThread2" daemon [_thread_in_native, id=4008, stack(0x0000006acc600000,0x0000006acc700000)]


Current CompileTask:
C2:   1902 2591   !   4       jdk.internal.loader.BuiltinClassLoader::loadClassOrNull (143 bytes)

Stack: [0x0000006acc600000,0x0000006acc700000]
Native frames: (J=compiled Java code, j=interpreted, Vv=VM code, C=native code)
V  [jvm.dll+0x5dfa5a]
V  [jvm.dll+0x7175ce]
V  [jvm.dll+0x718c9f]
V  [jvm.dll+0x719363]
V  [jvm.dll+0x240e48]
V  [jvm.dll+0xb96ac]
V  [jvm.dll+0xb9dac]
V  [jvm.dll+0x346387]
V  [jvm.dll+0x193831]
V  [jvm.dll+0x1faa32]
V  [jvm.dll+0x1f9adf]
V  [jvm.dll+0x17e4ec]
V  [jvm.dll+0x208f27]
V  [jvm.dll+0x20710b]
V  [jvm.dll+0x6dc339]
V  [jvm.dll+0x6d53e4]
V  [jvm.dll+0x5de996]
C  [ucrtbase.dll+0x26c0c]
C  [KERNEL32.DLL+0x154e0]
C  [ntdll.dll+0x485b]


---------------  P R O C E S S  ---------------

Threads class SMR info:
_java_thread_list=0x000001ed3dc68d70, length=12, elements={
0x000001ed1d58d800, 0x000001ed3b862000, 0x000001ed3b863000, 0x000001ed3b86b000,
0x000001ed3b86c800, 0x000001ed3b86e000, 0x000001ed3c129000, 0x000001ed3c12e000,
0x000001ed3c2a9800, 0x000001ed3c2f3000, 0x000001ed3c334000, 0x000001ed3d637800
}

Java Threads: ( => current thread )
  0x000001ed1d58d800 JavaThread "main" [_thread_in_native, id=1228, stack(0x0000006acac00000,0x0000006acad00000)]
  0x000001ed3b862000 JavaThread "Reference Handler" daemon [_thread_blocked, id=13988, stack(0x0000006acb300000,0x0000006acb400000)]
  0x000001ed3b863000 JavaThread "Finalizer" daemon [_thread_blocked, id=3484, stack(0x0000006acb400000,0x0000006acb500000)]
  0x000001ed3b86b000 JavaThread "Signal Dispatcher" daemon [_thread_blocked, id=25400, stack(0x0000006acb500000,0x0000006acb600000)]
  0x000001ed3b86c800 JavaThread "Attach Listener" daemon [_thread_blocked, id=22108, stack(0x0000006acb600000,0x0000006acb700000)]
  0x000001ed3b86e000 JavaThread "C2 CompilerThread0" daemon [_thread_in_native, id=26528, stack(0x0000006acb700000,0x0000006acb800000)]
  0x000001ed3c129000 JavaThread "C1 CompilerThread0" daemon [_thread_blocked, id=7372, stack(0x0000006acb800000,0x0000006acb900000)]
  0x000001ed3c12e000 JavaThread "Sweeper thread" daemon [_thread_blocked, id=24820, stack(0x0000006acb900000,0x0000006acba00000)]
  0x000001ed3c2a9800 JavaThread "Service Thread" daemon [_thread_blocked, id=4432, stack(0x0000006acba00000,0x0000006acbb00000)]
  0x000001ed3c2f3000 JavaThread "Common-Cleaner" daemon [_thread_blocked, id=13484, stack(0x0000006acbc00000,0x0000006acbd00000)]
  0x000001ed3c334000 JavaThread "C2 CompilerThread1" daemon [_thread_in_native, id=10072, stack(0x0000006acbd00000,0x0000006acbe00000)]
=>0x000001ed3d637800 JavaThread "C2 CompilerThread2" daemon [_thread_in_native, id=4008, stack(0x0000006acc600000,0x0000006acc700000)]

Other Threads:
  0x000001ed3b85c800 VMThread "VM Thread" [stack: 0x0000006acb200000,0x0000006acb300000] [id=21088]
  0x000001ed3c2ae800 WatcherThread [stack: 0x0000006acbb00000,0x0000006acbc00000] [id=22840]
  0x000001ed1d5a5800 GCTaskThread "GC Thread#0" [stack: 0x0000006acad00000,0x0000006acae00000] [id=5228]
  0x000001ed3d1e2000 GCTaskThread "GC Thread#1" [stack: 0x0000006acbe00000,0x0000006acbf00000] [id=12976]
  0x000001ed3d1e2800 GCTaskThread "GC Thread#2" [stack: 0x0000006acbf00000,0x0000006acc000000] [id=15076]
  0x000001ed3cc0e800 GCTaskThread "GC Thread#3" [stack: 0x0000006acc000000,0x0000006acc100000] [id=15068]
  0x000001ed3cc0f800 GCTaskThread "GC Thread#4" [stack: 0x0000006acc100000,0x0000006acc200000] [id=18464]
  0x000001ed3d13e000 GCTaskThread "GC Thread#5" [stack: 0x0000006acc200000,0x0000006acc300000] [id=24760]
  0x000001ed1d603000 ConcurrentGCThread "G1 Main Marker" [stack: 0x0000006acae00000,0x0000006acaf00000] [id=24124]
  0x000001ed1d604000 ConcurrentGCThread "G1 Conc#0" [stack: 0x0000006acaf00000,0x0000006acb000000] [id=24896]
  0x000001ed3d13e800 ConcurrentGCThread "G1 Conc#1" [stack: 0x0000006acc400000,0x0000006acc500000] [id=23840]
  0x000001ed3d2cb000 ConcurrentGCThread "G1 Conc#2" [stack: 0x0000006acc500000,0x0000006acc600000] [id=14200]
  0x000001ed3b73d000 ConcurrentGCThread "G1 Refine#0" [stack: 0x0000006acb000000,0x0000006acb100000] [id=17252]
  0x000001ed3b73e000 ConcurrentGCThread "G1 Young RemSet Sampling" [stack: 0x0000006acb100000,0x0000006acb200000] [id=13188]

Threads with active compile tasks:
C2 CompilerThread0   1943 2918       4       org.springframework.core.ResolvableType::forType (115 bytes)
C2 CompilerThread1   1943 3013       4       java.lang.Class::reflectionData (43 bytes)
C2 CompilerThread2   1943 2591   !   4       jdk.internal.loader.BuiltinClassLoader::loadClassOrNull (143 bytes)

VM state:not at safepoint (normal execution)

VM Mutex/Monitor currently owned by a thread: None

Heap address: 0x0000000702600000, size: 4058 MB, Compressed Oops mode: Zero based, Oop shift amount: 3
Narrow klass base: 0x0000000800000000, Narrow klass shift: 0
Compressed class space size: 1073741824 Address: 0x0000000800000000

Heap:
 garbage-first heap   total 260096K, used 77596K [0x0000000702600000, 0x0000000800000000)
  region size 1024K, 71 young (72704K), 3 survivors (3072K)
 Metaspace       used 29695K, capacity 30562K, committed 30768K, reserved 1077248K
  class space    used 3583K, capacity 3914K, committed 3968K, reserved 1048576K
Heap Regions: E=young(eden), S=young(survivor), O=old, HS=humongous(starts), HC=humongous(continues), CS=collection set, F=free, A=archive, TAMS=top-at-mark-start (previous, next)
|   0|0x0000000702600000, 0x0000000702700000, 0x0000000702700000|100%|HS|  |TAMS 0x0000000702700000, 0x0000000702600000| Complete 
|   1|0x0000000702700000, 0x0000000702800000, 0x0000000702800000|100%| O|  |TAMS 0x0000000702800000, 0x0000000702700000| Untracked 
|   2|0x0000000702800000, 0x0000000702900000, 0x0000000702900000|100%| O|  |TAMS 0x0000000702900000, 0x0000000702800000| Untracked 
|   3|0x0000000702900000, 0x0000000702a00000, 0x0000000702a00000|100%| O|  |TAMS 0x0000000702a00000, 0x0000000702900000| Untracked 
|   4|0x0000000702a00000, 0x0000000702b00000, 0x0000000702b00000|100%| O|  |TAMS 0x0000000702a0ea00, 0x0000000702a00000| Untracked 
|   5|0x0000000702b00000, 0x0000000702c00000, 0x0000000702c00000|100%| O|  |TAMS 0x0000000702b00000, 0x0000000702b00000| Untracked 
|   6|0x0000000702c00000, 0x0000000702d00000, 0x0000000702d00000|100%| O|  |TAMS 0x0000000702c00000, 0x0000000702c00000| Untracked 
|   7|0x0000000702d00000, 0x0000000702d11008, 0x0000000702e00000|  6%| O|  |TAMS 0x0000000702d00000, 0x0000000702d00000| Untracked 
|   8|0x0000000702e00000, 0x0000000702e00000, 0x0000000702f00000|  0%| F|  |TAMS 0x0000000702e00000, 0x0000000702e00000| Untracked 
|   9|0x0000000702f00000, 0x0000000702f00000, 0x0000000703000000|  0%| F|  |TAMS 0x0000000702f00000, 0x0000000702f00000| Untracked 
|  10|0x0000000703000000, 0x0000000703000000, 0x0000000703100000|  0%| F|  |TAMS 0x0000000703000000, 0x0000000703000000| Untracked 
|  11|0x0000000703100000, 0x0000000703100000, 0x0000000703200000|  0%| F|  |TAMS 0x0000000703100000, 0x0000000703100000| Untracked 
|  12|0x0000000703200000, 0x0000000703200000, 0x0000000703300000|  0%| F|  |TAMS 0x0000000703200000, 0x0000000703200000| Untracked 
|  13|0x0000000703300000, 0x0000000703300000, 0x0000000703400000|  0%| F|  |TAMS 0x0000000703300000, 0x0000000703300000| Untracked 
|  14|0x0000000703400000, 0x0000000703400000, 0x0000000703500000|  0%| F|  |TAMS 0x0000000703400000, 0x0000000703400000| Untracked 
|  15|0x0000000703500000, 0x0000000703500000, 0x0000000703600000|  0%| F|  |TAMS 0x0000000703500000, 0x0000000703500000| Untracked 
|  16|0x0000000703600000, 0x0000000703600000, 0x0000000703700000|  0%| F|  |TAMS 0x0000000703600000, 0x0000000703600000| Untracked 
|  17|0x0000000703700000, 0x0000000703700000, 0x0000000703800000|  0%| F|  |TAMS 0x0000000703700000, 0x0000000703700000| Untracked 
|  18|0x0000000703800000, 0x0000000703800000, 0x0000000703900000|  0%| F|  |TAMS 0x0000000703800000, 0x0000000703800000| Untracked 
|  19|0x0000000703900000, 0x0000000703900000, 0x0000000703a00000|  0%| F|  |TAMS 0x0000000703900000, 0x0000000703900000| Untracked 
|  20|0x0000000703a00000, 0x0000000703a00000, 0x0000000703b00000|  0%| F|  |TAMS 0x0000000703a00000, 0x0000000703a00000| Untracked 
|  21|0x0000000703b00000, 0x0000000703b00000, 0x0000000703c00000|  0%| F|  |TAMS 0x0000000703b00000, 0x0000000703b00000| Untracked 
|  22|0x0000000703c00000, 0x0000000703c00000, 0x0000000703d00000|  0%| F|  |TAMS 0x0000000703c00000, 0x0000000703c00000| Untracked 
|  23|0x0000000703d00000, 0x0000000703d00000, 0x0000000703e00000|  0%| F|  |TAMS 0x0000000703d00000, 0x0000000703d00000| Untracked 
|  24|0x0000000703e00000, 0x0000000703e00000, 0x0000000703f00000|  0%| F|  |TAMS 0x0000000703e00000, 0x0000000703e00000| Untracked 
|  25|0x0000000703f00000, 0x0000000703f00000, 0x0000000704000000|  0%| F|  |TAMS 0x0000000703f00000, 0x0000000703f00000| Untracked 
|  26|0x0000000704000000, 0x0000000704000000, 0x0000000704100000|  0%| F|  |TAMS 0x0000000704000000, 0x0000000704000000| Untracked 
|  27|0x0000000704100000, 0x0000000704100000, 0x0000000704200000|  0%| F|  |TAMS 0x0000000704100000, 0x0000000704100000| Untracked 
|  28|0x0000000704200000, 0x0000000704200000, 0x0000000704300000|  0%| F|  |TAMS 0x0000000704200000, 0x0000000704200000| Untracked 
|  29|0x0000000704300000, 0x0000000704300000, 0x0000000704400000|  0%| F|  |TAMS 0x0000000704300000, 0x0000000704300000| Untracked 
|  30|0x0000000704400000, 0x0000000704400000, 0x0000000704500000|  0%| F|  |TAMS 0x0000000704400000, 0x0000000704400000| Untracked 
|  31|0x0000000704500000, 0x0000000704500000, 0x0000000704600000|  0%| F|  |TAMS 0x0000000704500000, 0x0000000704500000| Untracked 
|  32|0x0000000704600000, 0x0000000704600000, 0x0000000704700000|  0%| F|  |TAMS 0x0000000704600000, 0x0000000704600000| Untracked 
|  33|0x0000000704700000, 0x0000000704700000, 0x0000000704800000|  0%| F|  |TAMS 0x0000000704700000, 0x0000000704700000| Untracked 
|  34|0x0000000704800000, 0x0000000704800000, 0x0000000704900000|  0%| F|  |TAMS 0x0000000704800000, 0x0000000704800000| Untracked 
|  35|0x0000000704900000, 0x0000000704900000, 0x0000000704a00000|  0%| F|  |TAMS 0x0000000704900000, 0x0000000704900000| Untracked 
|  36|0x0000000704a00000, 0x0000000704a00000, 0x0000000704b00000|  0%| F|  |TAMS 0x0000000704a00000, 0x0000000704a00000| Untracked 
|  37|0x0000000704b00000, 0x0000000704b00000, 0x0000000704c00000|  0%| F|  |TAMS 0x0000000704b00000, 0x0000000704b00000| Untracked 
|  38|0x0000000704c00000, 0x0000000704c00000, 0x0000000704d00000|  0%| F|  |TAMS 0x0000000704c00000, 0x0000000704c00000| Untracked 
|  39|0x0000000704d00000, 0x0000000704d00000, 0x0000000704e00000|  0%| F|  |TAMS 0x0000000704d00000, 0x0000000704d00000| Untracked 
|  40|0x0000000704e00000, 0x0000000704e00000, 0x0000000704f00000|  0%| F|  |TAMS 0x0000000704e00000, 0x0000000704e00000| Untracked 
|  41|0x0000000704f00000, 0x0000000704f00000, 0x0000000705000000|  0%| F|  |TAMS 0x0000000704f00000, 0x0000000704f00000| Untracked 
|  42|0x0000000705000000, 0x0000000705000000, 0x0000000705100000|  0%| F|  |TAMS 0x0000000705000000, 0x0000000705000000| Untracked 
|  43|0x0000000705100000, 0x0000000705100000, 0x0000000705200000|  0%| F|  |TAMS 0x0000000705100000, 0x0000000705100000| Untracked 
|  44|0x0000000705200000, 0x0000000705200000, 0x0000000705300000|  0%| F|  |TAMS 0x0000000705200000, 0x0000000705200000| Untracked 
|  45|0x0000000705300000, 0x0000000705300000, 0x0000000705400000|  0%| F|  |TAMS 0x0000000705300000, 0x0000000705300000| Untracked 
|  46|0x0000000705400000, 0x0000000705400000, 0x0000000705500000|  0%| F|  |TAMS 0x0000000705400000, 0x0000000705400000| Untracked 
|  47|0x0000000705500000, 0x0000000705500000, 0x0000000705600000|  0%| F|  |TAMS 0x0000000705500000, 0x0000000705500000| Untracked 
|  48|0x0000000705600000, 0x0000000705600000, 0x0000000705700000|  0%| F|  |TAMS 0x0000000705600000, 0x0000000705600000| Untracked 
|  49|0x0000000705700000, 0x0000000705700000, 0x0000000705800000|  0%| F|  |TAMS 0x0000000705700000, 0x0000000705700000| Untracked 
|  50|0x0000000705800000, 0x0000000705800000, 0x0000000705900000|  0%| F|  |TAMS 0x0000000705800000, 0x0000000705800000| Untracked 
|  51|0x0000000705900000, 0x0000000705900000, 0x0000000705a00000|  0%| F|  |TAMS 0x0000000705900000, 0x0000000705900000| Untracked 
|  52|0x0000000705a00000, 0x0000000705a00000, 0x0000000705b00000|  0%| F|  |TAMS 0x0000000705a00000, 0x0000000705a00000| Untracked 
|  53|0x0000000705b00000, 0x0000000705b00000, 0x0000000705c00000|  0%| F|  |TAMS 0x0000000705b00000, 0x0000000705b00000| Untracked 
|  54|0x0000000705c00000, 0x0000000705c00000, 0x0000000705d00000|  0%| F|  |TAMS 0x0000000705c00000, 0x0000000705c00000| Untracked 
|  55|0x0000000705d00000, 0x0000000705d00000, 0x0000000705e00000|  0%| F|  |TAMS 0x0000000705d00000, 0x0000000705d00000| Untracked 
|  56|0x0000000705e00000, 0x0000000705e00000, 0x0000000705f00000|  0%| F|  |TAMS 0x0000000705e00000, 0x0000000705e00000| Untracked 
|  57|0x0000000705f00000, 0x0000000705f00000, 0x0000000706000000|  0%| F|  |TAMS 0x0000000705f00000, 0x0000000705f00000| Untracked 
|  58|0x0000000706000000, 0x0000000706000000, 0x0000000706100000|  0%| F|  |TAMS 0x0000000706000000, 0x0000000706000000| Untracked 
|  59|0x0000000706100000, 0x0000000706100000, 0x0000000706200000|  0%| F|  |TAMS 0x0000000706100000, 0x0000000706100000| Untracked 
|  60|0x0000000706200000, 0x0000000706200000, 0x0000000706300000|  0%| F|  |TAMS 0x0000000706200000, 0x0000000706200000| Untracked 
|  61|0x0000000706300000, 0x0000000706300000, 0x0000000706400000|  0%| F|  |TAMS 0x0000000706300000, 0x0000000706300000| Untracked 
|  62|0x0000000706400000, 0x0000000706400000, 0x0000000706500000|  0%| F|  |TAMS 0x0000000706400000, 0x0000000706400000| Untracked 
|  63|0x0000000706500000, 0x0000000706500000, 0x0000000706600000|  0%| F|  |TAMS 0x0000000706500000, 0x0000000706500000| Untracked 
|  64|0x0000000706600000, 0x0000000706600000, 0x0000000706700000|  0%| F|  |TAMS 0x0000000706600000, 0x0000000706600000| Untracked 
|  65|0x0000000706700000, 0x0000000706700000, 0x0000000706800000|  0%| F|  |TAMS 0x0000000706700000, 0x0000000706700000| Untracked 
|  66|0x0000000706800000, 0x0000000706800000, 0x0000000706900000|  0%| F|  |TAMS 0x0000000706800000, 0x0000000706800000| Untracked 
|  67|0x0000000706900000, 0x0000000706900000, 0x0000000706a00000|  0%| F|  |TAMS 0x0000000706900000, 0x0000000706900000| Untracked 
|  68|0x0000000706a00000, 0x0000000706a00000, 0x0000000706b00000|  0%| F|  |TAMS 0x0000000706a00000, 0x0000000706a00000| Untracked 
|  69|0x0000000706b00000, 0x0000000706b00000, 0x0000000706c00000|  0%| F|  |TAMS 0x0000000706b00000, 0x0000000706b00000| Untracked 
|  70|0x0000000706c00000, 0x0000000706c00000, 0x0000000706d00000|  0%| F|  |TAMS 0x0000000706c00000, 0x0000000706c00000| Untracked 
|  71|0x0000000706d00000, 0x0000000706d00000, 0x0000000706e00000|  0%| F|  |TAMS 0x0000000706d00000, 0x0000000706d00000| Untracked 
|  72|0x0000000706e00000, 0x0000000706e00000, 0x0000000706f00000|  0%| F|  |TAMS 0x0000000706e00000, 0x0000000706e00000| Untracked 
|  73|0x0000000706f00000, 0x0000000706f00000, 0x0000000707000000|  0%| F|  |TAMS 0x0000000706f00000, 0x0000000706f00000| Untracked 
|  74|0x0000000707000000, 0x0000000707000000, 0x0000000707100000|  0%| F|  |TAMS 0x0000000707000000, 0x0000000707000000| Untracked 
|  75|0x0000000707100000, 0x0000000707100000, 0x0000000707200000|  0%| F|  |TAMS 0x0000000707100000, 0x0000000707100000| Untracked 
|  76|0x0000000707200000, 0x0000000707200000, 0x0000000707300000|  0%| F|  |TAMS 0x0000000707200000, 0x0000000707200000| Untracked 
|  77|0x0000000707300000, 0x0000000707300000, 0x0000000707400000|  0%| F|  |TAMS 0x0000000707300000, 0x0000000707300000| Untracked 
|  78|0x0000000707400000, 0x0000000707400000, 0x0000000707500000|  0%| F|  |TAMS 0x0000000707400000, 0x0000000707400000| Untracked 
|  79|0x0000000707500000, 0x0000000707500000, 0x0000000707600000|  0%| F|  |TAMS 0x0000000707500000, 0x0000000707500000| Untracked 
|  80|0x0000000707600000, 0x0000000707600000, 0x0000000707700000|  0%| F|  |TAMS 0x0000000707600000, 0x0000000707600000| Untracked 
|  81|0x0000000707700000, 0x0000000707700000, 0x0000000707800000|  0%| F|  |TAMS 0x0000000707700000, 0x0000000707700000| Untracked 
|  82|0x0000000707800000, 0x0000000707800000, 0x0000000707900000|  0%| F|  |TAMS 0x0000000707800000, 0x0000000707800000| Untracked 
|  83|0x0000000707900000, 0x0000000707900000, 0x0000000707a00000|  0%| F|  |TAMS 0x0000000707900000, 0x0000000707900000| Untracked 
|  84|0x0000000707a00000, 0x0000000707a00000, 0x0000000707b00000|  0%| F|  |TAMS 0x0000000707a00000, 0x0000000707a00000| Untracked 
|  85|0x0000000707b00000, 0x0000000707b00000, 0x0000000707c00000|  0%| F|  |TAMS 0x0000000707b00000, 0x0000000707b00000| Untracked 
|  86|0x0000000707c00000, 0x0000000707c00000, 0x0000000707d00000|  0%| F|  |TAMS 0x0000000707c00000, 0x0000000707c00000| Untracked 
|  87|0x0000000707d00000, 0x0000000707d00000, 0x0000000707e00000|  0%| F|  |TAMS 0x0000000707d00000, 0x0000000707d00000| Untracked 
|  88|0x0000000707e00000, 0x0000000707e00000, 0x0000000707f00000|  0%| F|  |TAMS 0x0000000707e00000, 0x0000000707e00000| Untracked 
|  89|0x0000000707f00000, 0x0000000707f00000, 0x0000000708000000|  0%| F|  |TAMS 0x0000000707f00000, 0x0000000707f00000| Untracked 
|  90|0x0000000708000000, 0x0000000708000000, 0x0000000708100000|  0%| F|  |TAMS 0x0000000708000000, 0x0000000708000000| Untracked 
|  91|0x0000000708100000, 0x0000000708100000, 0x0000000708200000|  0%| F|  |TAMS 0x0000000708100000, 0x0000000708100000| Untracked 
|  92|0x0000000708200000, 0x0000000708200000, 0x0000000708300000|  0%| F|  |TAMS 0x0000000708200000, 0x0000000708200000| Untracked 
|  93|0x0000000708300000, 0x0000000708300000, 0x0000000708400000|  0%| F|  |TAMS 0x0000000708300000, 0x0000000708300000| Untracked 
|  94|0x0000000708400000, 0x0000000708400000, 0x0000000708500000|  0%| F|  |TAMS 0x0000000708400000, 0x0000000708400000| Untracked 
|  95|0x0000000708500000, 0x0000000708500000, 0x0000000708600000|  0%| F|  |TAMS 0x0000000708500000, 0x0000000708500000| Untracked 
|  96|0x0000000708600000, 0x0000000708600000, 0x0000000708700000|  0%| F|  |TAMS 0x0000000708600000, 0x0000000708600000| Untracked 
|  97|0x0000000708700000, 0x0000000708700000, 0x0000000708800000|  0%| F|  |TAMS 0x0000000708700000, 0x0000000708700000| Untracked 
|  98|0x0000000708800000, 0x0000000708800000, 0x0000000708900000|  0%| F|  |TAMS 0x0000000708800000, 0x0000000708800000| Untracked 
|  99|0x0000000708900000, 0x0000000708900000, 0x0000000708a00000|  0%| F|  |TAMS 0x0000000708900000, 0x0000000708900000| Untracked 
| 100|0x0000000708a00000, 0x0000000708a00000, 0x0000000708b00000|  0%| F|  |TAMS 0x0000000708a00000, 0x0000000708a00000| Untracked 
| 101|0x0000000708b00000, 0x0000000708b00000, 0x0000000708c00000|  0%| F|  |TAMS 0x0000000708b00000, 0x0000000708b00000| Untracked 
| 102|0x0000000708c00000, 0x0000000708c00000, 0x0000000708d00000|  0%| F|  |TAMS 0x0000000708c00000, 0x0000000708c00000| Untracked 
| 103|0x0000000708d00000, 0x0000000708d00000, 0x0000000708e00000|  0%| F|  |TAMS 0x0000000708d00000, 0x0000000708d00000| Untracked 
| 104|0x0000000708e00000, 0x0000000708e00000, 0x0000000708f00000|  0%| F|  |TAMS 0x0000000708e00000, 0x0000000708e00000| Untracked 
| 105|0x0000000708f00000, 0x0000000708f00000, 0x0000000709000000|  0%| F|  |TAMS 0x0000000708f00000, 0x0000000708f00000| Untracked 
| 106|0x0000000709000000, 0x0000000709000000, 0x0000000709100000|  0%| F|  |TAMS 0x0000000709000000, 0x0000000709000000| Untracked 
| 107|0x0000000709100000, 0x0000000709100000, 0x0000000709200000|  0%| F|  |TAMS 0x0000000709100000, 0x0000000709100000| Untracked 
| 108|0x0000000709200000, 0x0000000709200000, 0x0000000709300000|  0%| F|  |TAMS 0x0000000709200000, 0x0000000709200000| Untracked 
| 109|0x0000000709300000, 0x0000000709300000, 0x0000000709400000|  0%| F|  |TAMS 0x0000000709300000, 0x0000000709300000| Untracked 
| 110|0x0000000709400000, 0x0000000709400000, 0x0000000709500000|  0%| F|  |TAMS 0x0000000709400000, 0x0000000709400000| Untracked 
| 111|0x0000000709500000, 0x0000000709500000, 0x0000000709600000|  0%| F|  |TAMS 0x0000000709500000, 0x0000000709500000| Untracked 
| 112|0x0000000709600000, 0x0000000709600000, 0x0000000709700000|  0%| F|  |TAMS 0x0000000709600000, 0x0000000709600000| Untracked 
| 113|0x0000000709700000, 0x0000000709700000, 0x0000000709800000|  0%| F|  |TAMS 0x0000000709700000, 0x0000000709700000| Untracked 
| 114|0x0000000709800000, 0x0000000709800000, 0x0000000709900000|  0%| F|  |TAMS 0x0000000709800000, 0x0000000709800000| Untracked 
| 115|0x0000000709900000, 0x0000000709900000, 0x0000000709a00000|  0%| F|  |TAMS 0x0000000709900000, 0x0000000709900000| Untracked 
| 116|0x0000000709a00000, 0x0000000709a00000, 0x0000000709b00000|  0%| F|  |TAMS 0x0000000709a00000, 0x0000000709a00000| Untracked 
| 117|0x0000000709b00000, 0x0000000709b00000, 0x0000000709c00000|  0%| F|  |TAMS 0x0000000709b00000, 0x0000000709b00000| Untracked 
| 118|0x0000000709c00000, 0x0000000709c00000, 0x0000000709d00000|  0%| F|  |TAMS 0x0000000709c00000, 0x0000000709c00000| Untracked 
| 119|0x0000000709d00000, 0x0000000709d00000, 0x0000000709e00000|  0%| F|  |TAMS 0x0000000709d00000, 0x0000000709d00000| Untracked 
| 120|0x0000000709e00000, 0x0000000709e00000, 0x0000000709f00000|  0%| F|  |TAMS 0x0000000709e00000, 0x0000000709e00000| Untracked 
| 121|0x0000000709f00000, 0x0000000709f00000, 0x000000070a000000|  0%| F|  |TAMS 0x0000000709f00000, 0x0000000709f00000| Untracked 
| 122|0x000000070a000000, 0x000000070a000000, 0x000000070a100000|  0%| F|  |TAMS 0x000000070a000000, 0x000000070a000000| Untracked 
| 123|0x000000070a100000, 0x000000070a100000, 0x000000070a200000|  0%| F|  |TAMS 0x000000070a100000, 0x000000070a100000| Untracked 
| 124|0x000000070a200000, 0x000000070a200000, 0x000000070a300000|  0%| F|  |TAMS 0x000000070a200000, 0x000000070a200000| Untracked 
| 125|0x000000070a300000, 0x000000070a300000, 0x000000070a400000|  0%| F|  |TAMS 0x000000070a300000, 0x000000070a300000| Untracked 
| 126|0x000000070a400000, 0x000000070a400000, 0x000000070a500000|  0%| F|  |TAMS 0x000000070a400000, 0x000000070a400000| Untracked 
| 127|0x000000070a500000, 0x000000070a500000, 0x000000070a600000|  0%| F|  |TAMS 0x000000070a500000, 0x000000070a500000| Untracked 
| 128|0x000000070a600000, 0x000000070a600000, 0x000000070a700000|  0%| F|  |TAMS 0x000000070a600000, 0x000000070a600000| Untracked 
| 129|0x000000070a700000, 0x000000070a700000, 0x000000070a800000|  0%| F|  |TAMS 0x000000070a700000, 0x000000070a700000| Untracked 
| 130|0x000000070a800000, 0x000000070a800000, 0x000000070a900000|  0%| F|  |TAMS 0x000000070a800000, 0x000000070a800000| Untracked 
| 131|0x000000070a900000, 0x000000070a900000, 0x000000070aa00000|  0%| F|  |TAMS 0x000000070a900000, 0x000000070a900000| Untracked 
| 132|0x000000070aa00000, 0x000000070aa00000, 0x000000070ab00000|  0%| F|  |TAMS 0x000000070aa00000, 0x000000070aa00000| Untracked 
| 133|0x000000070ab00000, 0x000000070ab00000, 0x000000070ac00000|  0%| F|  |TAMS 0x000000070ab00000, 0x000000070ab00000| Untracked 
| 134|0x000000070ac00000, 0x000000070ac00000, 0x000000070ad00000|  0%| F|  |TAMS 0x000000070ac00000, 0x000000070ac00000| Untracked 
| 135|0x000000070ad00000, 0x000000070ad00000, 0x000000070ae00000|  0%| F|  |TAMS 0x000000070ad00000, 0x000000070ad00000| Untracked 
| 136|0x000000070ae00000, 0x000000070ae00000, 0x000000070af00000|  0%| F|  |TAMS 0x000000070ae00000, 0x000000070ae00000| Untracked 
| 137|0x000000070af00000, 0x000000070af00000, 0x000000070b000000|  0%| F|  |TAMS 0x000000070af00000, 0x000000070af00000| Untracked 
| 138|0x000000070b000000, 0x000000070b000000, 0x000000070b100000|  0%| F|  |TAMS 0x000000070b000000, 0x000000070b000000| Untracked 
| 139|0x000000070b100000, 0x000000070b100000, 0x000000070b200000|  0%| F|  |TAMS 0x000000070b100000, 0x000000070b100000| Untracked 
| 140|0x000000070b200000, 0x000000070b200000, 0x000000070b300000|  0%| F|  |TAMS 0x000000070b200000, 0x000000070b200000| Untracked 
| 141|0x000000070b300000, 0x000000070b300000, 0x000000070b400000|  0%| F|  |TAMS 0x000000070b300000, 0x000000070b300000| Untracked 
| 142|0x000000070b400000, 0x000000070b400000, 0x000000070b500000|  0%| F|  |TAMS 0x000000070b400000, 0x000000070b400000| Untracked 
| 143|0x000000070b500000, 0x000000070b500000, 0x000000070b600000|  0%| F|  |TAMS 0x000000070b500000, 0x000000070b500000| Untracked 
| 144|0x000000070b600000, 0x000000070b600000, 0x000000070b700000|  0%| F|  |TAMS 0x000000070b600000, 0x000000070b600000| Untracked 
| 145|0x000000070b700000, 0x000000070b700000, 0x000000070b800000|  0%| F|  |TAMS 0x000000070b700000, 0x000000070b700000| Untracked 
| 146|0x000000070b800000, 0x000000070b800000, 0x000000070b900000|  0%| F|  |TAMS 0x000000070b800000, 0x000000070b800000| Untracked 
| 147|0x000000070b900000, 0x000000070b900000, 0x000000070ba00000|  0%| F|  |TAMS 0x000000070b900000, 0x000000070b900000| Untracked 
| 148|0x000000070ba00000, 0x000000070ba00000, 0x000000070bb00000|  0%| F|  |TAMS 0x000000070ba00000, 0x000000070ba00000| Untracked 
| 149|0x000000070bb00000, 0x000000070bb00000, 0x000000070bc00000|  0%| F|  |TAMS 0x000000070bb00000, 0x000000070bb00000| Untracked 
| 150|0x000000070bc00000, 0x000000070bc00000, 0x000000070bd00000|  0%| F|  |TAMS 0x000000070bc00000, 0x000000070bc00000| Untracked 
| 151|0x000000070bd00000, 0x000000070bd00000, 0x000000070be00000|  0%| F|  |TAMS 0x000000070bd00000, 0x000000070bd00000| Untracked 
| 152|0x000000070be00000, 0x000000070be00000, 0x000000070bf00000|  0%| F|  |TAMS 0x000000070be00000, 0x000000070be00000| Untracked 
| 153|0x000000070bf00000, 0x000000070bf00000, 0x000000070c000000|  0%| F|  |TAMS 0x000000070bf00000, 0x000000070bf00000| Untracked 
| 154|0x000000070c000000, 0x000000070c000000, 0x000000070c100000|  0%| F|  |TAMS 0x000000070c000000, 0x000000070c000000| Untracked 
| 155|0x000000070c100000, 0x000000070c100000, 0x000000070c200000|  0%| F|  |TAMS 0x000000070c100000, 0x000000070c100000| Untracked 
| 156|0x000000070c200000, 0x000000070c200000, 0x000000070c300000|  0%| F|  |TAMS 0x000000070c200000, 0x000000070c200000| Untracked 
| 157|0x000000070c300000, 0x000000070c300000, 0x000000070c400000|  0%| F|  |TAMS 0x000000070c300000, 0x000000070c300000| Untracked 
| 158|0x000000070c400000, 0x000000070c400000, 0x000000070c500000|  0%| F|  |TAMS 0x000000070c400000, 0x000000070c400000| Untracked 
| 159|0x000000070c500000, 0x000000070c500000, 0x000000070c600000|  0%| F|  |TAMS 0x000000070c500000, 0x000000070c500000| Untracked 
| 160|0x000000070c600000, 0x000000070c600000, 0x000000070c700000|  0%| F|  |TAMS 0x000000070c600000, 0x000000070c600000| Untracked 
| 161|0x000000070c700000, 0x000000070c700000, 0x000000070c800000|  0%| F|  |TAMS 0x000000070c700000, 0x000000070c700000| Untracked 
| 162|0x000000070c800000, 0x000000070c800000, 0x000000070c900000|  0%| F|  |TAMS 0x000000070c800000, 0x000000070c800000| Untracked 
| 163|0x000000070c900000, 0x000000070c900000, 0x000000070ca00000|  0%| F|  |TAMS 0x000000070c900000, 0x000000070c900000| Untracked 
| 164|0x000000070ca00000, 0x000000070ca00000, 0x000000070cb00000|  0%| F|  |TAMS 0x000000070ca00000, 0x000000070ca00000| Untracked 
| 165|0x000000070cb00000, 0x000000070cb00000, 0x000000070cc00000|  0%| F|  |TAMS 0x000000070cb00000, 0x000000070cb00000| Untracked 
| 166|0x000000070cc00000, 0x000000070cc00000, 0x000000070cd00000|  0%| F|  |TAMS 0x000000070cc00000, 0x000000070cc00000| Untracked 
| 167|0x000000070cd00000, 0x000000070cd00000, 0x000000070ce00000|  0%| F|  |TAMS 0x000000070cd00000, 0x000000070cd00000| Untracked 
| 168|0x000000070ce00000, 0x000000070ce00000, 0x000000070cf00000|  0%| F|  |TAMS 0x000000070ce00000, 0x000000070ce00000| Untracked 
| 169|0x000000070cf00000, 0x000000070cf00000, 0x000000070d000000|  0%| F|  |TAMS 0x000000070cf00000, 0x000000070cf00000| Untracked 
| 170|0x000000070d000000, 0x000000070d000000, 0x000000070d100000|  0%| F|  |TAMS 0x000000070d000000, 0x000000070d000000| Untracked 
| 171|0x000000070d100000, 0x000000070d100000, 0x000000070d200000|  0%| F|  |TAMS 0x000000070d100000, 0x000000070d100000| Untracked 
| 172|0x000000070d200000, 0x000000070d200000, 0x000000070d300000|  0%| F|  |TAMS 0x000000070d200000, 0x000000070d200000| Untracked 
| 173|0x000000070d300000, 0x000000070d300000, 0x000000070d400000|  0%| F|  |TAMS 0x000000070d300000, 0x000000070d300000| Untracked 
| 174|0x000000070d400000, 0x000000070d400000, 0x000000070d500000|  0%| F|  |TAMS 0x000000070d400000, 0x000000070d400000| Untracked 
| 175|0x000000070d500000, 0x000000070d500000, 0x000000070d600000|  0%| F|  |TAMS 0x000000070d500000, 0x000000070d500000| Untracked 
| 176|0x000000070d600000, 0x000000070d600000, 0x000000070d700000|  0%| F|  |TAMS 0x000000070d600000, 0x000000070d600000| Untracked 
| 177|0x000000070d700000, 0x000000070d700000, 0x000000070d800000|  0%| F|  |TAMS 0x000000070d700000, 0x000000070d700000| Untracked 
| 178|0x000000070d800000, 0x000000070d800000, 0x000000070d900000|  0%| F|  |TAMS 0x000000070d800000, 0x000000070d800000| Untracked 
| 179|0x000000070d900000, 0x000000070d900000, 0x000000070da00000|  0%| F|  |TAMS 0x000000070d900000, 0x000000070d900000| Untracked 
| 180|0x000000070da00000, 0x000000070da00000, 0x000000070db00000|  0%| F|  |TAMS 0x000000070da00000, 0x000000070da00000| Untracked 
| 181|0x000000070db00000, 0x000000070db00000, 0x000000070dc00000|  0%| F|  |TAMS 0x000000070db00000, 0x000000070db00000| Untracked 
| 182|0x000000070dc00000, 0x000000070dc00000, 0x000000070dd00000|  0%| F|  |TAMS 0x000000070dc00000, 0x000000070dc00000| Untracked 
| 183|0x000000070dd00000, 0x000000070de00000, 0x000000070de00000|100%| E|  |TAMS 0x000000070dd00000, 0x000000070dd00000| Complete 
| 184|0x000000070de00000, 0x000000070df00000, 0x000000070df00000|100%| E|CS|TAMS 0x000000070de00000, 0x000000070de00000| Complete 
| 185|0x000000070df00000, 0x000000070e000000, 0x000000070e000000|100%| E|CS|TAMS 0x000000070df00000, 0x000000070df00000| Complete 
| 186|0x000000070e000000, 0x000000070e100000, 0x000000070e100000|100%| E|CS|TAMS 0x000000070e000000, 0x000000070e000000| Complete 
| 187|0x000000070e100000, 0x000000070e200000, 0x000000070e200000|100%| E|CS|TAMS 0x000000070e100000, 0x000000070e100000| Complete 
| 188|0x000000070e200000, 0x000000070e300000, 0x000000070e300000|100%| E|CS|TAMS 0x000000070e200000, 0x000000070e200000| Complete 
| 189|0x000000070e300000, 0x000000070e400000, 0x000000070e400000|100%| E|CS|TAMS 0x000000070e300000, 0x000000070e300000| Complete 
| 190|0x000000070e400000, 0x000000070e500000, 0x000000070e500000|100%| E|CS|TAMS 0x000000070e400000, 0x000000070e400000| Complete 
| 191|0x000000070e500000, 0x000000070e600000, 0x000000070e600000|100%| E|CS|TAMS 0x000000070e500000, 0x000000070e500000| Complete 
| 192|0x000000070e600000, 0x000000070e700000, 0x000000070e700000|100%| E|CS|TAMS 0x000000070e600000, 0x000000070e600000| Complete 
| 193|0x000000070e700000, 0x000000070e800000, 0x000000070e800000|100%| E|CS|TAMS 0x000000070e700000, 0x000000070e700000| Complete 
| 194|0x000000070e800000, 0x000000070e900000, 0x000000070e900000|100%| E|CS|TAMS 0x000000070e800000, 0x000000070e800000| Complete 
| 195|0x000000070e900000, 0x000000070ea00000, 0x000000070ea00000|100%| E|CS|TAMS 0x000000070e900000, 0x000000070e900000| Complete 
| 196|0x000000070ea00000, 0x000000070eb00000, 0x000000070eb00000|100%| E|CS|TAMS 0x000000070ea00000, 0x000000070ea00000| Complete 
| 197|0x000000070eb00000, 0x000000070ec00000, 0x000000070ec00000|100%| E|CS|TAMS 0x000000070eb00000, 0x000000070eb00000| Complete 
| 198|0x000000070ec00000, 0x000000070ed00000, 0x000000070ed00000|100%| E|CS|TAMS 0x000000070ec00000, 0x000000070ec00000| Complete 
| 199|0x000000070ed00000, 0x000000070ee00000, 0x000000070ee00000|100%| E|CS|TAMS 0x000000070ed00000, 0x000000070ed00000| Complete 
| 200|0x000000070ee00000, 0x000000070ef00000, 0x000000070ef00000|100%| E|CS|TAMS 0x000000070ee00000, 0x000000070ee00000| Complete 
| 201|0x000000070ef00000, 0x000000070f000000, 0x000000070f000000|100%| E|CS|TAMS 0x000000070ef00000, 0x000000070ef00000| Complete 
| 202|0x000000070f000000, 0x000000070f100000, 0x000000070f100000|100%| E|CS|TAMS 0x000000070f000000, 0x000000070f000000| Complete 
| 203|0x000000070f100000, 0x000000070f200000, 0x000000070f200000|100%| E|CS|TAMS 0x000000070f100000, 0x000000070f100000| Complete 
| 204|0x000000070f200000, 0x000000070f300000, 0x000000070f300000|100%| E|CS|TAMS 0x000000070f200000, 0x000000070f200000| Complete 
| 205|0x000000070f300000, 0x000000070f400000, 0x000000070f400000|100%| E|CS|TAMS 0x000000070f300000, 0x000000070f300000| Complete 
| 206|0x000000070f400000, 0x000000070f500000, 0x000000070f500000|100%| E|CS|TAMS 0x000000070f400000, 0x000000070f400000| Complete 
| 207|0x000000070f500000, 0x000000070f600000, 0x000000070f600000|100%| E|CS|TAMS 0x000000070f500000, 0x000000070f500000| Complete 
| 208|0x000000070f600000, 0x000000070f700000, 0x000000070f700000|100%| E|CS|TAMS 0x000000070f600000, 0x000000070f600000| Complete 
| 209|0x000000070f700000, 0x000000070f7b61c0, 0x000000070f800000| 71%| S|CS|TAMS 0x000000070f700000, 0x000000070f700000| Complete 
| 210|0x000000070f800000, 0x000000070f900000, 0x000000070f900000|100%| E|CS|TAMS 0x000000070f800000, 0x000000070f800000| Complete 
| 211|0x000000070f900000, 0x000000070fa00000, 0x000000070fa00000|100%| E|CS|TAMS 0x000000070f900000, 0x000000070f900000| Complete 
| 212|0x000000070fa00000, 0x000000070fb00000, 0x000000070fb00000|100%| E|CS|TAMS 0x000000070fa00000, 0x000000070fa00000| Complete 
| 213|0x000000070fb00000, 0x000000070fc00000, 0x000000070fc00000|100%| E|CS|TAMS 0x000000070fb00000, 0x000000070fb00000| Complete 
| 214|0x000000070fc00000, 0x000000070fd00000, 0x000000070fd00000|100%| E|CS|TAMS 0x000000070fc00000, 0x000000070fc00000| Complete 
| 215|0x000000070fd00000, 0x000000070fe00000, 0x000000070fe00000|100%| S|CS|TAMS 0x000000070fd00000, 0x000000070fd00000| Complete 
| 216|0x000000070fe00000, 0x000000070ff00000, 0x000000070ff00000|100%| S|CS|TAMS 0x000000070fe00000, 0x000000070fe00000| Complete 
| 217|0x000000070ff00000, 0x0000000710000000, 0x0000000710000000|100%| E|CS|TAMS 0x000000070ff00000, 0x000000070ff00000| Complete 
| 218|0x0000000710000000, 0x0000000710100000, 0x0000000710100000|100%| E|CS|TAMS 0x0000000710000000, 0x0000000710000000| Complete 
| 219|0x0000000710100000, 0x0000000710200000, 0x0000000710200000|100%| E|CS|TAMS 0x0000000710100000, 0x0000000710100000| Complete 
| 220|0x0000000710200000, 0x0000000710300000, 0x0000000710300000|100%| E|CS|TAMS 0x0000000710200000, 0x0000000710200000| Complete 
| 221|0x0000000710300000, 0x0000000710400000, 0x0000000710400000|100%| E|CS|TAMS 0x0000000710300000, 0x0000000710300000| Complete 
| 222|0x0000000710400000, 0x0000000710500000, 0x0000000710500000|100%| E|CS|TAMS 0x0000000710400000, 0x0000000710400000| Complete 
| 223|0x0000000710500000, 0x0000000710600000, 0x0000000710600000|100%| E|CS|TAMS 0x0000000710500000, 0x0000000710500000| Complete 
| 224|0x0000000710600000, 0x0000000710700000, 0x0000000710700000|100%| E|CS|TAMS 0x0000000710600000, 0x0000000710600000| Complete 
| 225|0x0000000710700000, 0x0000000710800000, 0x0000000710800000|100%| E|CS|TAMS 0x0000000710700000, 0x0000000710700000| Complete 
| 226|0x0000000710800000, 0x0000000710900000, 0x0000000710900000|100%| E|CS|TAMS 0x0000000710800000, 0x0000000710800000| Complete 
| 227|0x0000000710900000, 0x0000000710a00000, 0x0000000710a00000|100%| E|CS|TAMS 0x0000000710900000, 0x0000000710900000| Complete 
| 228|0x0000000710a00000, 0x0000000710b00000, 0x0000000710b00000|100%| E|CS|TAMS 0x0000000710a00000, 0x0000000710a00000| Complete 
| 229|0x0000000710b00000, 0x0000000710c00000, 0x0000000710c00000|100%| E|CS|TAMS 0x0000000710b00000, 0x0000000710b00000| Complete 
| 230|0x0000000710c00000, 0x0000000710d00000, 0x0000000710d00000|100%| E|CS|TAMS 0x0000000710c00000, 0x0000000710c00000| Complete 
| 231|0x0000000710d00000, 0x0000000710e00000, 0x0000000710e00000|100%| E|CS|TAMS 0x0000000710d00000, 0x0000000710d00000| Complete 
| 232|0x0000000710e00000, 0x0000000710f00000, 0x0000000710f00000|100%| E|CS|TAMS 0x0000000710e00000, 0x0000000710e00000| Complete 
| 233|0x0000000710f00000, 0x0000000711000000, 0x0000000711000000|100%| E|CS|TAMS 0x0000000710f00000, 0x0000000710f00000| Complete 
| 234|0x0000000711000000, 0x0000000711100000, 0x0000000711100000|100%| E|CS|TAMS 0x0000000711000000, 0x0000000711000000| Complete 
| 235|0x0000000711100000, 0x0000000711200000, 0x0000000711200000|100%| E|CS|TAMS 0x0000000711100000, 0x0000000711100000| Complete 
| 236|0x0000000711200000, 0x0000000711300000, 0x0000000711300000|100%| E|CS|TAMS 0x0000000711200000, 0x0000000711200000| Complete 
| 237|0x0000000711300000, 0x0000000711400000, 0x0000000711400000|100%| E|CS|TAMS 0x0000000711300000, 0x0000000711300000| Complete 
| 238|0x0000000711400000, 0x0000000711500000, 0x0000000711500000|100%| E|  |TAMS 0x0000000711400000, 0x0000000711400000| Complete 
| 239|0x0000000711500000, 0x0000000711600000, 0x0000000711600000|100%| E|CS|TAMS 0x0000000711500000, 0x0000000711500000| Complete 
| 240|0x0000000711600000, 0x0000000711700000, 0x0000000711700000|100%| E|CS|TAMS 0x0000000711600000, 0x0000000711600000| Complete 
| 241|0x0000000711700000, 0x0000000711800000, 0x0000000711800000|100%| E|CS|TAMS 0x0000000711700000, 0x0000000711700000| Complete 
| 242|0x0000000711800000, 0x0000000711900000, 0x0000000711900000|100%| E|CS|TAMS 0x0000000711800000, 0x0000000711800000| Complete 
| 243|0x0000000711900000, 0x0000000711a00000, 0x0000000711a00000|100%| E|CS|TAMS 0x0000000711900000, 0x0000000711900000| Complete 
| 244|0x0000000711a00000, 0x0000000711b00000, 0x0000000711b00000|100%| E|CS|TAMS 0x0000000711a00000, 0x0000000711a00000| Complete 
| 245|0x0000000711b00000, 0x0000000711c00000, 0x0000000711c00000|100%| E|CS|TAMS 0x0000000711b00000, 0x0000000711b00000| Complete 
| 246|0x0000000711c00000, 0x0000000711d00000, 0x0000000711d00000|100%| E|CS|TAMS 0x0000000711c00000, 0x0000000711c00000| Complete 
| 247|0x0000000711d00000, 0x0000000711e00000, 0x0000000711e00000|100%| E|CS|TAMS 0x0000000711d00000, 0x0000000711d00000| Complete 
| 248|0x0000000711e00000, 0x0000000711f00000, 0x0000000711f00000|100%| E|CS|TAMS 0x0000000711e00000, 0x0000000711e00000| Complete 
| 249|0x0000000711f00000, 0x0000000712000000, 0x0000000712000000|100%| E|CS|TAMS 0x0000000711f00000, 0x0000000711f00000| Complete 
| 250|0x0000000712000000, 0x0000000712100000, 0x0000000712100000|100%| E|CS|TAMS 0x0000000712000000, 0x0000000712000000| Complete 
| 251|0x0000000712100000, 0x0000000712200000, 0x0000000712200000|100%| E|CS|TAMS 0x0000000712100000, 0x0000000712100000| Complete 
| 252|0x0000000712200000, 0x0000000712300000, 0x0000000712300000|100%| E|CS|TAMS 0x0000000712200000, 0x0000000712200000| Complete 
| 253|0x0000000712300000, 0x0000000712400000, 0x0000000712400000|100%| E|CS|TAMS 0x0000000712300000, 0x0000000712300000| Complete 

Card table byte_map: [0x000001ed2fbf0000,0x000001ed303e0000] _byte_map_base: 0x000001ed2c3dd000

Marking Bits (Prev, Next): (CMBitMap*) 0x000001ed1d5f21d0, (CMBitMap*) 0x000001ed1d5f2198
 Prev Bits: [0x000001ed34b40000, 0x000001ed38aa8000)
 Next Bits: [0x000001ed30bd0000, 0x000001ed34b38000)

Polling page: 0x000001ed1b520000

Metaspace:

Usage:
  Non-class:     26.02 MB capacity,    25.55 MB ( 98%) used,   389.68 KB (  1%) free+waste,    96.88 KB ( <1%) overhead. 
      Class:      3.85 MB capacity,     3.51 MB ( 91%) used,   301.57 KB (  8%) free+waste,    47.63 KB (  1%) overhead. 
       Both:     29.88 MB capacity,    29.06 MB ( 97%) used,   691.25 KB (  2%) free+waste,   144.50 KB ( <1%) overhead. 

Virtual space:
  Non-class space:       28.00 MB reserved,      26.17 MB ( 93%) committed 
      Class space:        1.00 GB reserved,       3.88 MB ( <1%) committed 
             Both:        1.03 GB reserved,      30.05 MB (  3%) committed 

Chunk freelists:
   Non-Class:  24.00 KB
       Class:  22.00 KB
        Both:  46.00 KB

MaxMetaspaceSize: 17179869184.00 GB
CompressedClassSpaceSize: 1.00 GB

CodeHeap 'non-profiled nmethods': size=120000Kb used=1305Kb max_used=1305Kb free=118695Kb
 bounds [0x000001ed27980000, 0x000001ed27bf0000, 0x000001ed2eeb0000]
CodeHeap 'profiled nmethods': size=120000Kb used=6409Kb max_used=6409Kb free=113590Kb
 bounds [0x000001ed20450000, 0x000001ed20aa0000, 0x000001ed27980000]
CodeHeap 'non-nmethods': size=5760Kb used=1128Kb max_used=1163Kb free=4632Kb
 bounds [0x000001ed1feb0000, 0x000001ed20120000, 0x000001ed20450000]
 total_blobs=3315 nmethods=2868 adapters=358
 compilation: enabled
              stopped_count=0, restarted_count=0
 full_count=0

Compilation events (20 events):
Event: 1.877 Thread 0x000001ed3c129000 nmethod 3003 0x000001ed27abf390 code [0x000001ed27abf540, 0x000001ed27abf5f8]
Event: 1.878 Thread 0x000001ed3c129000 3004       3       java.lang.reflect.AccessibleObject::getAnnotations (5 bytes)
Event: 1.878 Thread 0x000001ed3c129000 nmethod 3004 0x000001ed20a74310 code [0x000001ed20a744c0, 0x000001ed20a74688]
Event: 1.878 Thread 0x000001ed3c129000 3005       1       org.springframework.core.convert.TypeDescriptor::getType (5 bytes)
Event: 1.878 Thread 0x000001ed3c129000 nmethod 3005 0x000001ed27abf690 code [0x000001ed27abf840, 0x000001ed27abf8f8]
Event: 1.884 Thread 0x000001ed3c129000 3006       3       java.lang.invoke.MemberName::equals (69 bytes)
Event: 1.884 Thread 0x000001ed3c334000 nmethod 2944 0x000001ed27abf990 code [0x000001ed27abfbe0, 0x000001ed27ac04f0]
Event: 1.884 Thread 0x000001ed3c334000 2919       4       org.springframework.core.ResolvableType$1::isAssignableFrom (24 bytes)
Event: 1.885 Thread 0x000001ed3c129000 nmethod 3006 0x000001ed20a74710 code [0x000001ed20a749c0, 0x000001ed20a756d8]
Event: 1.889 Thread 0x000001ed3c334000 nmethod 2919 0x000001ed27ac0d10 code [0x000001ed27ac0ec0, 0x000001ed27ac11a8]
Event: 1.889 Thread 0x000001ed3c334000 2965       4       sun.reflect.annotation.AnnotationInvocationHandler::invoke (178 bytes)
Event: 1.890 Thread 0x000001ed3c129000 3007       1       org.springframework.beans.factory.config.SmartInstantiationAwareBeanPostProcessor::predictBeanType (2 bytes)
Event: 1.890 Thread 0x000001ed3c129000 nmethod 3007 0x000001ed27ac1490 code [0x000001ed27ac1640, 0x000001ed27ac16f8]
Event: 1.890 Thread 0x000001ed3c129000 3008       3       jdk.internal.org.objectweb.asm.MethodVisitor::visitFieldInsn (20 bytes)
Event: 1.890 Thread 0x000001ed3c129000 nmethod 3008 0x000001ed20a75a10 code [0x000001ed20a75bc0, 0x000001ed20a75dc8]
Event: 1.891 Thread 0x000001ed3c129000 3009       3       jdk.internal.reflect.MethodAccessorImpl::<init> (5 bytes)
Event: 1.891 Thread 0x000001ed3c129000 nmethod 3009 0x000001ed20a75e90 code [0x000001ed20a76040, 0x000001ed20a761f8]
Event: 1.892 Thread 0x000001ed3c129000 3011       3       org.springframework.core.BridgeMethodResolver::isVisibilityBridgeMethodPair (52 bytes)
Event: 1.895 Thread 0x000001ed3c129000 nmethod 3011 0x000001ed20a76310 code [0x000001ed20a76540, 0x000001ed20a76e28]
Event: 1.895 Thread 0x000001ed3c129000 3012   !   3       org.springframework.util.ReflectionUtils::getDeclaredMethods (209 bytes)

GC Heap History (6 events):
Event: 0.561 GC heap before
{Heap before GC invocations=0 (full 0):
 garbage-first heap   total 260096K, used 24576K [0x0000000702600000, 0x0000000800000000)
  region size 1024K, 24 young (24576K), 0 survivors (0K)
 Metaspace       used 12474K, capacity 12797K, committed 13056K, reserved 1060864K
  class space    used 1366K, capacity 1467K, committed 1536K, reserved 1048576K
}
Event: 0.564 GC heap after
{Heap after GC invocations=1 (full 0):
 garbage-first heap   total 260096K, used 7226K [0x0000000702600000, 0x0000000800000000)
  region size 1024K, 3 young (3072K), 3 survivors (3072K)
 Metaspace       used 12474K, capacity 12797K, committed 13056K, reserved 1060864K
  class space    used 1366K, capacity 1467K, committed 1536K, reserved 1048576K
}
Event: 0.919 GC heap before
{Heap before GC invocations=1 (full 0):
 garbage-first heap   total 260096K, used 43066K [0x0000000702600000, 0x0000000800000000)
  region size 1024K, 39 young (39936K), 3 survivors (3072K)
 Metaspace       used 20563K, capacity 21142K, committed 21296K, reserved 1069056K
  class space    used 2404K, capacity 2641K, committed 2688K, reserved 1048576K
}
Event: 0.924 GC heap after
{Heap after GC invocations=2 (full 0):
 garbage-first heap   total 260096K, used 8752K [0x0000000702600000, 0x0000000800000000)
  region size 1024K, 5 young (5120K), 5 survivors (5120K)
 Metaspace       used 20563K, capacity 21142K, committed 21296K, reserved 1069056K
  class space    used 2404K, capacity 2641K, committed 2688K, reserved 1048576K
}
Event: 1.082 GC heap before
{Heap before GC invocations=3 (full 0):
 garbage-first heap   total 260096K, used 45616K [0x0000000702600000, 0x0000000800000000)
  region size 1024K, 42 young (43008K), 5 survivors (5120K)
 Metaspace       used 23215K, capacity 23784K, committed 23984K, reserved 1071104K
  class space    used 2750K, capacity 2991K, committed 3072K, reserved 1048576K
}
Event: 1.087 GC heap after
{Heap after GC invocations=4 (full 0):
 garbage-first heap   total 260096K, used 10012K [0x0000000702600000, 0x0000000800000000)
  region size 1024K, 3 young (3072K), 3 survivors (3072K)
 Metaspace       used 23215K, capacity 23784K, committed 23984K, reserved 1071104K
  class space    used 2750K, capacity 2991K, committed 3072K, reserved 1048576K
}

Deoptimization events (20 events):
Event: 1.545 Thread 0x000001ed1d58d800 Uncommon trap: trap_request=0xffffffde fr.pc=0x000001ed27a7415c relative=0x000000000000021c
Event: 1.545 Thread 0x000001ed1d58d800 Uncommon trap: reason=class_check action=maybe_recompile pc=0x000001ed27a7415c method=org.springframework.util.ConcurrentReferenceHashMap.get(Ljava/lang/Object;)Ljava/lang/Object; @ 14 c2
Event: 1.545 Thread 0x000001ed1d58d800 DEOPT PACKING pc=0x000001ed27a7415c sp=0x0000006acacfe890
Event: 1.545 Thread 0x000001ed1d58d800 DEOPT UNPACKING pc=0x000001ed1fed772f sp=0x0000006acacfe840 mode 2
Event: 1.547 Thread 0x000001ed1d58d800 Uncommon trap: trap_request=0xffffffde fr.pc=0x000001ed27a7415c relative=0x000000000000021c
Event: 1.547 Thread 0x000001ed1d58d800 Uncommon trap: reason=class_check action=maybe_recompile pc=0x000001ed27a7415c method=org.springframework.util.ConcurrentReferenceHashMap.get(Ljava/lang/Object;)Ljava/lang/Object; @ 14 c2
Event: 1.547 Thread 0x000001ed1d58d800 DEOPT PACKING pc=0x000001ed27a7415c sp=0x0000006acacfe890
Event: 1.547 Thread 0x000001ed1d58d800 DEOPT UNPACKING pc=0x000001ed1fed772f sp=0x0000006acacfe840 mode 2
Event: 1.663 Thread 0x000001ed1d58d800 Uncommon trap: trap_request=0xffffff4d fr.pc=0x000001ed27aa0dc4 relative=0x0000000000003184
Event: 1.663 Thread 0x000001ed1d58d800 Uncommon trap: reason=unstable_if action=reinterpret pc=0x000001ed27aa0dc4 method=org.springframework.beans.factory.support.AbstractBeanFactory.isTypeMatch(Ljava/lang/String;Lorg/springframework/core/ResolvableType;Z)Z @ 99 c2
Event: 1.663 Thread 0x000001ed1d58d800 DEOPT PACKING pc=0x000001ed27aa0dc4 sp=0x0000006acacfee60
Event: 1.663 Thread 0x000001ed1d58d800 DEOPT UNPACKING pc=0x000001ed1fed772f sp=0x0000006acacfee08 mode 2
Event: 1.749 Thread 0x000001ed1d58d800 Uncommon trap: trap_request=0xffffff4d fr.pc=0x000001ed27a92564 relative=0x0000000000000304
Event: 1.749 Thread 0x000001ed1d58d800 Uncommon trap: reason=unstable_if action=reinterpret pc=0x000001ed27a92564 method=org.springframework.beans.factory.support.AbstractBeanFactory.getBeanPostProcessorCache()Lorg/springframework/beans/factory/support/AbstractBeanFactory$BeanPostProcessorCach
Event: 1.749 Thread 0x000001ed1d58d800 DEOPT PACKING pc=0x000001ed27a92564 sp=0x0000006acacfed50
Event: 1.749 Thread 0x000001ed1d58d800 DEOPT UNPACKING pc=0x000001ed1fed772f sp=0x0000006acacfec20 mode 2
Event: 1.768 Thread 0x000001ed1d58d800 Uncommon trap: trap_request=0xffffff4d fr.pc=0x000001ed27aa83b0 relative=0x0000000000000450
Event: 1.768 Thread 0x000001ed1d58d800 Uncommon trap: reason=unstable_if action=reinterpret pc=0x000001ed27aa83b0 method=org.springframework.beans.factory.support.AbstractBeanFactory.hasInstantiationAwareBeanPostProcessors()Z @ 12 c2
Event: 1.768 Thread 0x000001ed1d58d800 DEOPT PACKING pc=0x000001ed27aa83b0 sp=0x0000006acacfebc0
Event: 1.768 Thread 0x000001ed1d58d800 DEOPT UNPACKING pc=0x000001ed1fed772f sp=0x0000006acacfea98 mode 2

Classes redefined (0 events):
No events

Internal exceptions (20 events):
Event: 1.833 Thread 0x000001ed1d58d800 Exception <a 'java/lang/NoClassDefFoundError'{0x000000070e204720}: org/springframework/batch/core/repository/JobRepository> (0x000000070e204720) thrown at [./src/hotspot/share/classfile/systemDictionary.cpp, line 220]
Event: 1.833 Thread 0x000001ed1d58d800 Exception <a 'java/lang/NoClassDefFoundError'{0x000000070e208558}: org/quartz/Scheduler> (0x000000070e208558) thrown at [./src/hotspot/share/classfile/systemDictionary.cpp, line 220]
Event: 1.833 Thread 0x000001ed1d58d800 Exception <a 'java/lang/NoClassDefFoundError'{0x000000070e20e4b8}: org/springframework/session/jdbc/JdbcIndexedSessionRepository> (0x000000070e20e4b8) thrown at [./src/hotspot/share/classfile/systemDictionary.cpp, line 220]
Event: 1.863 Thread 0x000001ed1d58d800 Exception <a 'java/lang/NoSuchMethodError'{0x000000070e1325c8}: 'void java.lang.invoke.DirectMethodHandle$Holder.invokeSpecial(java.lang.Object, java.lang.Object, java.lang.Object, java.lang.Object, java.lang.Object, java.lang.Object)'> (0x000000070e1325c8) thrown at [./src/hotspot/share/interpreter/linkResolver.cpp, line 773]
Event: 1.867 Thread 0x000001ed1d58d800 Exception <a 'java/lang/ClassNotFoundException'{0x000000070e155cb8}: java/lang/ObjectCustomizer> (0x000000070e155cb8) thrown at [./src/hotspot/share/classfile/systemDictionary.cpp, line 231]
Event: 1.868 Thread 0x000001ed1d58d800 Exception <a 'java/lang/ClassNotFoundException'{0x000000070e164c80}: org/springframework/aop/framework/ProxyConfigCustomizer> (0x000000070e164c80) thrown at [./src/hotspot/share/classfile/systemDictionary.cpp, line 231]
Event: 1.870 Thread 0x000001ed1d58d800 Exception <a 'java/lang/ClassNotFoundException'{0x000000070e1790c0}: org/springframework/aop/framework/ProxyProcessorSupportCustomizer> (0x000000070e1790c0) thrown at [./src/hotspot/share/classfile/systemDictionary.cpp, line 231]
Event: 1.871 Thread 0x000001ed1d58d800 Exception <a 'java/lang/ClassNotFoundException'{0x000000070e18bd38}: org/springframework/aop/framework/autoproxy/AbstractAutoProxyCreatorCustomizer> (0x000000070e18bd38) thrown at [./src/hotspot/share/classfile/systemDictionary.cpp, line 231]
Event: 1.873 Thread 0x000001ed1d58d800 Exception <a 'java/lang/ClassNotFoundException'{0x000000070e1ab230}: org/springframework/aop/framework/autoproxy/AbstractAdvisorAutoProxyCreatorCustomizer> (0x000000070e1ab230) thrown at [./src/hotspot/share/classfile/systemDictionary.cpp, line 231]
Event: 1.873 Thread 0x000001ed1d58d800 Exception <a 'java/lang/ClassNotFoundException'{0x000000070e1be430}: org/springframework/aop/aspectj/autoproxy/AspectJAwareAdvisorAutoProxyCreatorCustomizer> (0x000000070e1be430) thrown at [./src/hotspot/share/classfile/systemDictionary.cpp, line 231]
Event: 1.874 Thread 0x000001ed1d58d800 Exception <a 'java/lang/ClassNotFoundException'{0x000000070e1d07d0}: org/springframework/aop/aspectj/annotation/AnnotationAwareAspectJAutoProxyCreatorCustomizer> (0x000000070e1d07d0) thrown at [./src/hotspot/share/classfile/systemDictionary.cpp, line 231]
Event: 1.875 Thread 0x000001ed1d58d800 Exception <a 'java/lang/ClassNotFoundException'{0x000000070e1f3e58}: org/springframework/beans/factory/config/SmartInstantiationAwareBeanPostProcessorCustomizer> (0x000000070e1f3e58) thrown at [./src/hotspot/share/classfile/systemDictionary.cpp, line 231]
Event: 1.875 Thread 0x000001ed1d58d800 Exception <a 'java/lang/ClassNotFoundException'{0x000000070e007330}: org/springframework/beans/factory/config/InstantiationAwareBeanPostProcessorCustomizer> (0x000000070e007330) thrown at [./src/hotspot/share/classfile/systemDictionary.cpp, line 231]
Event: 1.875 Thread 0x000001ed1d58d800 Exception <a 'java/lang/ClassNotFoundException'{0x000000070e0181e8}: org/springframework/beans/factory/config/BeanPostProcessorCustomizer> (0x000000070e0181e8) thrown at [./src/hotspot/share/classfile/systemDictionary.cpp, line 231]
Event: 1.876 Thread 0x000001ed1d58d800 Exception <a 'java/lang/ClassNotFoundException'{0x000000070e025fd0}: org/springframework/beans/factory/BeanFactoryAwareCustomizer> (0x000000070e025fd0) thrown at [./src/hotspot/share/classfile/systemDictionary.cpp, line 231]
Event: 1.876 Thread 0x000001ed1d58d800 Exception <a 'java/lang/ClassNotFoundException'{0x000000070e032898}: org/springframework/beans/factory/AwareCustomizer> (0x000000070e032898) thrown at [./src/hotspot/share/classfile/systemDictionary.cpp, line 231]
Event: 1.876 Thread 0x000001ed1d58d800 Exception <a 'java/lang/ClassNotFoundException'{0x000000070e03d0b0}: org/springframework/core/OrderedCustomizer> (0x000000070e03d0b0) thrown at [./src/hotspot/share/classfile/systemDictionary.cpp, line 231]
Event: 1.876 Thread 0x000001ed1d58d800 Exception <a 'java/lang/ClassNotFoundException'{0x000000070e04a6f8}: org/springframework/beans/factory/BeanClassLoaderAwareCustomizer> (0x000000070e04a6f8) thrown at [./src/hotspot/share/classfile/systemDictionary.cpp, line 231]
Event: 1.877 Thread 0x000001ed1d58d800 Exception <a 'java/lang/ClassNotFoundException'{0x000000070e056690}: org/springframework/beans/factory/AwareCustomizer> (0x000000070e056690) thrown at [./src/hotspot/share/classfile/systemDictionary.cpp, line 231]
Event: 1.877 Thread 0x000001ed1d58d800 Exception <a 'java/lang/ClassNotFoundException'{0x000000070e063198}: org/springframework/aop/framework/AopInfrastructureBeanCustomizer> (0x000000070e063198) thrown at [./src/hotspot/share/classfile/systemDictionary.cpp, line 231]

Events (20 events):
Event: 1.890 loading class org/springframework/core/SimpleAliasRegistry
Event: 1.890 loading class org/springframework/core/SimpleAliasRegistry done
Event: 1.891 loading class org/springframework/stereotype/Repository
Event: 1.891 loading class org/springframework/stereotype/Repository done
Event: 1.892 loading class org/springframework/dao/annotation/PersistenceExceptionTranslationAdvisor
Event: 1.892 loading class org/springframework/dao/annotation/PersistenceExceptionTranslationAdvisor done
Event: 1.893 loading class org/springframework/aop/Pointcut
Event: 1.893 loading class org/springframework/aop/Pointcut done
Event: 1.894 loading class org/springframework/dao/support/PersistenceExceptionTranslationInterceptor
Event: 1.894 loading class org/springframework/dao/support/PersistenceExceptionTranslationInterceptor done
Event: 1.895 loading class org/springframework/aop/support/annotation/AnnotationMatchingPointcut
Event: 1.895 loading class org/springframework/aop/support/annotation/AnnotationMatchingPointcut done
Event: 1.895 loading class org/springframework/aop/ClassFilter
Event: 1.895 loading class org/springframework/aop/ClassFilter done
Event: 1.897 loading class org/springframework/aop/MethodMatcher
Event: 1.897 loading class org/springframework/aop/MethodMatcher done
Event: 1.898 loading class org/springframework/aop/support/annotation/AnnotationClassFilter
Event: 1.898 loading class org/springframework/aop/support/annotation/AnnotationClassFilter done
Event: 1.899 loading class org/springframework/aop/TrueMethodMatcher
Event: 1.899 loading class org/springframework/aop/TrueMethodMatcher done


Dynamic libraries:
0x00007ff6113f0000 - 0x00007ff6113fd000 	C:\Program Files\OpenJDK\jre-11.0.8.10-hotspot\bin\javaw.exe
0x00007fff358e0000 - 0x00007fff35ae7000 	C:\WINDOWS\SYSTEM32\ntdll.dll
0x00007fff34890000 - 0x00007fff3494d000 	C:\WINDOWS\System32\KERNEL32.DLL
0x00007fff32f10000 - 0x00007fff33284000 	C:\WINDOWS\System32\KERNELBASE.dll
0x00007fff33290000 - 0x00007fff333a1000 	C:\WINDOWS\System32\ucrtbase.dll
0x00007fff0b2e0000 - 0x00007fff0b2f5000 	C:\Program Files\OpenJDK\jre-11.0.8.10-hotspot\bin\VCRUNTIME140.dll
0x00007fff09e70000 - 0x00007fff09e87000 	C:\Program Files\OpenJDK\jre-11.0.8.10-hotspot\bin\jli.dll
0x00007fff34d30000 - 0x00007fff34edc000 	C:\WINDOWS\System32\USER32.dll
0x00007fff32ee0000 - 0x00007fff32f06000 	C:\WINDOWS\System32\win32u.dll
0x00007fff16200000 - 0x00007fff164a5000 	C:\WINDOWS\WinSxS\amd64_microsoft.windows.common-controls_6595b64144ccf1df_6.0.22000.120_none_9d947278b86cc467\COMCTL32.dll
0x00007fff34f70000 - 0x00007fff34f99000 	C:\WINDOWS\System32\GDI32.dll
0x00007fff35640000 - 0x00007fff356e3000 	C:\WINDOWS\System32\msvcrt.dll
0x00007fff32dc0000 - 0x00007fff32ed2000 	C:\WINDOWS\System32\gdi32full.dll
0x00007fff33430000 - 0x00007fff334cd000 	C:\WINDOWS\System32\msvcp_win.dll
0x00007fff33fa0000 - 0x00007fff33fd1000 	C:\WINDOWS\System32\IMM32.DLL
0x00007ffeb1030000 - 0x00007ffeb10cb000 	C:\Program Files\OpenJDK\jre-11.0.8.10-hotspot\bin\msvcp140.dll
0x00007ffea4550000 - 0x00007ffea500d000 	C:\Program Files\OpenJDK\jre-11.0.8.10-hotspot\bin\server\jvm.dll
0x00007fff33a30000 - 0x00007fff33adc000 	C:\WINDOWS\System32\ADVAPI32.dll
0x00007fff33ae0000 - 0x00007fff33b7d000 	C:\WINDOWS\System32\sechost.dll
0x00007fff34a50000 - 0x00007fff34b71000 	C:\WINDOWS\System32\RPCRT4.dll
0x00007fff34ee0000 - 0x00007fff34ee8000 	C:\WINDOWS\System32\PSAPI.DLL
0x00007fff1a7b0000 - 0x00007fff1a7b9000 	C:\WINDOWS\SYSTEM32\WSOCK32.dll
0x00007fff2ced0000 - 0x00007fff2cf03000 	C:\WINDOWS\SYSTEM32\WINMM.dll
0x00007fff2b230000 - 0x00007fff2b23a000 	C:\WINDOWS\SYSTEM32\VERSION.dll
0x00007fff34fa0000 - 0x00007fff3500f000 	C:\WINDOWS\System32\WS2_32.dll
0x00007fff31f90000 - 0x00007fff31fa8000 	C:\WINDOWS\SYSTEM32\kernel.appcore.dll
0x00007fff26fa0000 - 0x00007fff26fb0000 	C:\Program Files\OpenJDK\jre-11.0.8.10-hotspot\bin\verify.dll
0x00007fff20340000 - 0x00007fff20561000 	C:\WINDOWS\SYSTEM32\DBGHELP.DLL
0x00007fff1f680000 - 0x00007fff1f6b1000 	C:\WINDOWS\SYSTEM32\dbgcore.DLL
0x00007fff333b0000 - 0x00007fff3342f000 	C:\WINDOWS\System32\bcryptPrimitives.dll
0x00007fff062f0000 - 0x00007fff06318000 	C:\Program Files\OpenJDK\jre-11.0.8.10-hotspot\bin\java.dll
0x00007fff20910000 - 0x00007fff2091a000 	C:\Program Files\OpenJDK\jre-11.0.8.10-hotspot\bin\jimage.dll
0x00007fff093f0000 - 0x00007fff09407000 	C:\Program Files\OpenJDK\jre-11.0.8.10-hotspot\bin\zip.dll
0x00007fff34000000 - 0x00007fff347ae000 	C:\WINDOWS\System32\SHELL32.dll
0x00007fff30f20000 - 0x00007fff31787000 	C:\WINDOWS\SYSTEM32\windows.storage.dll
0x00007fff33c20000 - 0x00007fff33f98000 	C:\WINDOWS\System32\combase.dll
0x00007fff30db0000 - 0x00007fff30f16000 	C:\WINDOWS\SYSTEM32\wintypes.dll
0x00007fff357b0000 - 0x00007fff3589a000 	C:\WINDOWS\System32\SHCORE.dll
0x00007fff356f0000 - 0x00007fff3574d000 	C:\WINDOWS\System32\shlwapi.dll
0x00007fff32cf0000 - 0x00007fff32d11000 	C:\WINDOWS\SYSTEM32\profapi.dll
0x00007fff02a30000 - 0x00007fff02a49000 	C:\Program Files\OpenJDK\jre-11.0.8.10-hotspot\bin\net.dll
0x00007fff2da40000 - 0x00007fff2db4c000 	C:\WINDOWS\SYSTEM32\WINHTTP.dll
0x00007fff32390000 - 0x00007fff323f7000 	C:\WINDOWS\system32\mswsock.dll
0x00007fff026e0000 - 0x00007fff026f2000 	C:\Program Files\OpenJDK\jre-11.0.8.10-hotspot\bin\nio.dll
0x00007ffeff870000 - 0x00007ffeff879000 	C:\Program Files\OpenJDK\jre-11.0.8.10-hotspot\bin\management.dll
0x00007ffeff860000 - 0x00007ffeff86b000 	C:\Program Files\OpenJDK\jre-11.0.8.10-hotspot\bin\management_ext.dll
0x00007fff1dab0000 - 0x00007fff1dac7000 	C:\WINDOWS\system32\napinsp.dll
0x00007fff1d8b0000 - 0x00007fff1d8cb000 	C:\WINDOWS\system32\pnrpnsp.dll
0x00007fff31a10000 - 0x00007fff31af7000 	C:\WINDOWS\SYSTEM32\DNSAPI.dll
0x00007fff319e0000 - 0x00007fff31a0d000 	C:\WINDOWS\SYSTEM32\IPHLPAPI.DLL
0x00007fff33770000 - 0x00007fff33779000 	C:\WINDOWS\System32\NSI.dll
0x00007fff1d320000 - 0x00007fff1d332000 	C:\WINDOWS\System32\winrnr.dll
0x00007fff2c7d0000 - 0x00007fff2c7e5000 	C:\WINDOWS\system32\wshbth.dll
0x00007fff24bc0000 - 0x00007fff24bdf000 	C:\WINDOWS\system32\nlansp_c.dll
0x00007fff2a6c0000 - 0x00007fff2a6ca000 	C:\Windows\System32\rasadhlp.dll
0x00007fff2bca0000 - 0x00007fff2bd21000 	C:\WINDOWS\System32\fwpuclnt.dll

dbghelp: loaded successfully - version: 4.0.5 - missing functions: none
symbol engine: initialized successfully - sym options: 0x614 - pdb path: .;C:\Program Files\OpenJDK\jre-11.0.8.10-hotspot\bin;C:\WINDOWS\SYSTEM32;C:\WINDOWS\WinSxS\amd64_microsoft.windows.common-controls_6595b64144ccf1df_6.0.22000.120_none_9d947278b86cc467;C:\Program Files\OpenJDK\jre-11.0.8.10-hotspot\bin\server

VM Arguments:
jvm_args: -Dfile.encoding=UTF-8 
java_command: ensa.web.project.LocationMaisonApplication
java_class_path (initial): E:\work\houda shit\LocationMaison\target\classes;C:\Users\Msi\.m2\repository\org\springframework\boot\spring-boot-starter-web\2.5.6\spring-boot-starter-web-2.5.6.jar;C:\Users\Msi\.m2\repository\org\springframework\boot\spring-boot-starter\2.5.6\spring-boot-starter-2.5.6.jar;C:\Users\Msi\.m2\repository\org\springframework\boot\spring-boot\2.5.6\spring-boot-2.5.6.jar;C:\Users\Msi\.m2\repository\org\springframework\boot\spring-boot-autoconfigure\2.5.6\spring-boot-autoconfigure-2.5.6.jar;C:\Users\Msi\.m2\repository\org\springframework\boot\spring-boot-starter-logging\2.5.6\spring-boot-starter-logging-2.5.6.jar;C:\Users\Msi\.m2\repository\ch\qos\logback\logback-classic\1.2.6\logback-classic-1.2.6.jar;C:\Users\Msi\.m2\repository\ch\qos\logback\logback-core\1.2.6\logback-core-1.2.6.jar;C:\Users\Msi\.m2\repository\org\apache\logging\log4j\log4j-to-slf4j\2.14.1\log4j-to-slf4j-2.14.1.jar;C:\Users\Msi\.m2\repository\org\apache\logging\log4j\log4j-api\2.14.1\log4j-api-2.14.1.jar;C:\Users\Msi\.m2\repository\org\slf4j\jul-to-slf4j\1.7.32\jul-to-slf4j-1.7.32.jar;C:\Users\Msi\.m2\repository\jakarta\annotation\jakarta.annotation-api\1.3.5\jakarta.annotation-api-1.3.5.jar;C:\Users\Msi\.m2\repository\org\yaml\snakeyaml\1.28\snakeyaml-1.28.jar;C:\Users\Msi\.m2\repository\org\springframework\boot\spring-boot-starter-json\2.5.6\spring-boot-starter-json-2.5.6.jar;C:\Users\Msi\.m2\repository\com\fasterxml\jackson\datatype\jackson-datatype-jdk8\2.12.5\jackson-datatype-jdk8-2.12.5.jar;C:\Users\Msi\.m2\repository\com\fasterxml\jackson\datatype\jackson-datatype-jsr310\2.12.5\jackson-datatype-jsr310-2.12.5.jar;C:\Users\Msi\.m2\repository\com\fasterxml\jackson\module\jackson-module-parameter-names\2.12.5\jackson-module-parameter-names-2.12.5.jar;C:\Users\Msi\.m2\repository\org\springframework\boot\spring-boot-starter-tomcat\2.5.6\spring-boot-starter-tomcat-2.5.6.jar;C:\Users\Msi\.m2\repository\org\apache\tomcat\embed\tomcat-embed-core\9.0.54\tomcat-embed-core-9.0.54.
Launcher Type: SUN_STANDARD

[Global flags]
     intx CICompilerCount                          = 4                                         {product} {ergonomic}
     uint ConcGCThreads                            = 3                                         {product} {ergonomic}
     uint G1ConcRefinementThreads                  = 10                                        {product} {ergonomic}
   size_t G1HeapRegionSize                         = 1048576                                   {product} {ergonomic}
    uintx GCDrainStackTargetSize                   = 64                                        {product} {ergonomic}
   size_t InitialHeapSize                          = 266338304                                 {product} {ergonomic}
   size_t MarkStackSize                            = 4194304                                   {product} {ergonomic}
   size_t MaxHeapSize                              = 4255121408                                {product} {ergonomic}
   size_t MaxNewSize                               = 2552233984                                {product} {ergonomic}
   size_t MinHeapDeltaBytes                        = 1048576                                   {product} {ergonomic}
    uintx NonNMethodCodeHeapSize                   = 5836300                                {pd product} {ergonomic}
    uintx NonProfiledCodeHeapSize                  = 122910970                              {pd product} {ergonomic}
    uintx ProfiledCodeHeapSize                     = 122910970                              {pd product} {ergonomic}
    uintx ReservedCodeCacheSize                    = 251658240                              {pd product} {ergonomic}
     bool SegmentedCodeCache                       = true                                      {product} {ergonomic}
     bool UseCompressedClassPointers               = true                                 {lp64_product} {ergonomic}
     bool UseCompressedOops                        = true                                 {lp64_product} {ergonomic}
     bool UseG1GC                                  = true                                      {product} {ergonomic}
     bool UseLargePagesIndividualAllocation        = false                                  {pd product} {ergonomic}

Logging:
Log output configuration:
 #0: stdout all=warning uptime,level,tags
 #1: stderr all=off uptime,level,tags

Environment Variables:
JAVA_HOME=C:\Program Files\OpenJDK\jre-11.0.8.10-hotspot\
CLASSPATH=C:\xampp\tomcat\lib\servlet-api.jar
PATH=C:/Users/Msi/Desktop/eclipse//plugins/org.eclipse.justj.openjdk.hotspot.jre.full.win32.x86_64_16.0.2.v20210721-1149/jre/bin/server;C:/Users/Msi/Desktop/eclipse//plugins/org.eclipse.justj.openjdk.hotspot.jre.full.win32.x86_64_16.0.2.v20210721-1149/jre/bin;C:\Program Files\OpenJDK\jre-11.0.8.10-hotspot\bin;E:\vmwork\bin\;C:\Program Files (x86)\Common Files\Intel\Shared Libraries\redist\ia32\compiler;C:\Program Files (x86)\Common Files\Intel\Shared Libraries\redist\intel64\compiler;C:\Program Files (x86)\Razer Chroma SDK\bin;C:\Program Files\Razer Chroma SDK\bin;C:\Program Files (x86)\Common Files\Oracle\Java\javapath;C:\Program Files (x86)\Razer\ChromaBroadcast\bin;C:\Program Files\Razer\ChromaBroadcast\bin;C:\Windows\system32;C:\Windows;C:\Windows\System32\Wbem;C:\Windows\System32\WindowsPowerShell\v1.0\;C:\Windows\System32\OpenSSH\;C:\Program Files (x86)\NVIDIA Corporation\PhysX\Common;C:\Program Files\NVIDIA Corporation\NVIDIA NvDLISR;C:\Users\Msi\AppData\Local\Programs\Python\Python38-32;C:\Users\Msi\AppData\Local\Programs\Python\Python38-32\Scripts;C:\Windows\system32\config\systemprofile\AppData\Local\Microsoft\WindowsApps;E:\Git\cmd;C:\composer;C:\ProgramData\chocolatey\bin;C:\xampp\php;C:\Program Files (x86)\2JPEG;C:\Program Files\Docker\Docker\resources\bin;C:\ProgramData\DockerDesktop\version-bin;C:\Users\Msi\AppData\Local\Android\Sdk\platform-tools;C:\Program Files\Microsoft SQL Server\130\Tools\Binn\;C:\Users\Msi\AppData\Roaming\nvm;C:\Program Files\nodejs;C:\Program Files (x86)\Microsoft ASP.NET\ASP.NET Web Pages\v1.0\;C:\Program Files\nodejs\;C:\WINDOWS\system32;C:\WINDOWS;C:\WINDOWS\System32\Wbem;C:\WINDOWS\System32\WindowsPowerShell\v1.0\;C:\WINDOWS\System32\OpenSSH\;C:\Ruby27-x64\bin;C:\Users\Msi\AppData\Local\Microsoft\WindowsApps;C:\Users\Msi\AppData\Local\atom\bin;C:\Users\Msi\AppData\Roaming\Composer\vendor\bin;C:\sqlite;C:\Users\Msi\AppData\Local\hyper\app-3.0.2\resources\bin;C:\Program Files\heroku\bin;C:\Windows \System32\Drivers\etc\hosts;C:
USERNAME=Msi
OS=Windows_NT
PROCESSOR_IDENTIFIER=Intel64 Family 6 Model 158 Stepping 10, GenuineIntel



---------------  S Y S T E M  ---------------

OS: Windows 10 , 64 bit Build 22000 (10.0.22000.318)
OS uptime: 1 days 4:40 hours
HyperV virtualization detected

CPU:total 12 (initial active 12) (6 cores per cpu, 2 threads per core) family 6 model 158 stepping 10, cmov, cx8, fxsr, mmx, sse, sse2, sse3, ssse3, sse4.1, sse4.2, popcnt, avx, avx2, aes, clmul, erms, 3dnowpref, lzcnt, ht, tsc, tscinvbit, bmi1, bmi2, adx, fma

Memory: 4k page, system-wide physical 16228M (912M free)
TotalPageFile size 22878M (AvailPageFile size 5M)
current process WorkingSet (physical memory assigned to process): 216M, peak: 218M
current process commit charge ("private bytes"): 438M, peak: 442M

vm_info: OpenJDK 64-Bit Server VM (11.0.8-internal+0-adhoc..jdk11u) for windows-amd64 JRE (11.0.8-internal+0-adhoc..jdk11u), built on Jul 17 2020 14:11:18 by "" with MS VC++ 15.9 (VS2017)

END.
